Analysis & Synthesis report for position
Sun Nov 18 00:24:01 2018
Quartus Prime Version 18.0.0 Build 614 04/24/2018 SJ Lite Edition


---------------------
; Table of Contents ;
---------------------
  1. Legal Notice
  2. Analysis & Synthesis Summary
  3. Analysis & Synthesis Settings
  4. Parallel Compilation
  5. Analysis & Synthesis Source Files Read
  6. Analysis & Synthesis Resource Usage Summary
  7. Analysis & Synthesis Resource Utilization by Entity
  8. State Machine - |position|positionControl:POSCTRL|currentState
  9. Registers Removed During Synthesis
 10. Removed Registers Triggering Further Register Optimizations
 11. General Register Statistics
 12. Port Connectivity Checks: "positionDatapath:POSDATA"
 13. Port Connectivity Checks: "positionControl:POSCTRL"
 14. Post-Synthesis Netlist Statistics for Top Partition
 15. Elapsed Time Per Partition
 16. Analysis & Synthesis Messages



----------------
; Legal Notice ;
----------------
Copyright (C) 2018  Intel Corporation. All rights reserved.
Your use of Intel Corporation's design tools, logic functions 
and other software and tools, and its AMPP partner logic 
functions, and any output files from any of the foregoing 
(including device programming or simulation files), and any 
associated documentation or information are expressly subject 
to the terms and conditions of the Intel Program License 
Subscription Agreement, the Intel Quartus Prime License Agreement,
the Intel FPGA IP License Agreement, or other applicable license
agreement, including, without limitation, that your use is for
the sole purpose of programming logic devices manufactured by
Intel and sold by Intel or its authorized distributors.  Please
refer to the applicable agreement for further details.



+-------------------------------------------------------------------------------+
; Analysis & Synthesis Summary                                                  ;
+---------------------------------+---------------------------------------------+
; Analysis & Synthesis Status     ; Successful - Sun Nov 18 00:24:01 2018       ;
; Quartus Prime Version           ; 18.0.0 Build 614 04/24/2018 SJ Lite Edition ;
; Revision Name                   ; position                                    ;
; Top-level Entity Name           ; position                                    ;
; Family                          ; Cyclone V                                   ;
; Logic utilization (in ALMs)     ; N/A                                         ;
; Total registers                 ; 0                                           ;
; Total pins                      ; 24                                          ;
; Total virtual pins              ; 0                                           ;
; Total block memory bits         ; 0                                           ;
; Total DSP Blocks                ; 0                                           ;
; Total HSSI RX PCSs              ; 0                                           ;
; Total HSSI PMA RX Deserializers ; 0                                           ;
; Total HSSI TX PCSs              ; 0                                           ;
; Total HSSI PMA TX Serializers   ; 0                                           ;
; Total PLLs                      ; 0                                           ;
; Total DLLs                      ; 0                                           ;
+---------------------------------+---------------------------------------------+


+---------------------------------------------------------------------------------------------------------------------------+
; Analysis & Synthesis Settings                                                                                             ;
+---------------------------------------------------------------------------------+--------------------+--------------------+
; Option                                                                          ; Setting            ; Default Value      ;
+---------------------------------------------------------------------------------+--------------------+--------------------+
; Device                                                                          ; 5CSEMA5F31C6       ;                    ;
; Top-level entity name                                                           ; position           ; position           ;
; Family name                                                                     ; Cyclone V          ; Cyclone V          ;
; Use smart compilation                                                           ; Off                ; Off                ;
; Enable parallel Assembler and Timing Analyzer during compilation                ; On                 ; On                 ;
; Enable compact report table                                                     ; Off                ; Off                ;
; Restructure Multiplexers                                                        ; Auto               ; Auto               ;
; MLAB Add Timing Constraints For Mixed-Port Feed-Through Mode Setting Don't Care ; Off                ; Off                ;
; Create Debugging Nodes for IP Cores                                             ; Off                ; Off                ;
; Preserve fewer node names                                                       ; On                 ; On                 ;
; Intel FPGA IP Evaluation Mode                                                   ; Enable             ; Enable             ;
; Verilog Version                                                                 ; Verilog_2001       ; Verilog_2001       ;
; VHDL Version                                                                    ; VHDL_1993          ; VHDL_1993          ;
; State Machine Processing                                                        ; Auto               ; Auto               ;
; Safe State Machine                                                              ; Off                ; Off                ;
; Extract Verilog State Machines                                                  ; On                 ; On                 ;
; Extract VHDL State Machines                                                     ; On                 ; On                 ;
; Ignore Verilog initial constructs                                               ; Off                ; Off                ;
; Iteration limit for constant Verilog loops                                      ; 5000               ; 5000               ;
; Iteration limit for non-constant Verilog loops                                  ; 250                ; 250                ;
; Add Pass-Through Logic to Inferred RAMs                                         ; On                 ; On                 ;
; Infer RAMs from Raw Logic                                                       ; On                 ; On                 ;
; Parallel Synthesis                                                              ; On                 ; On                 ;
; DSP Block Balancing                                                             ; Auto               ; Auto               ;
; NOT Gate Push-Back                                                              ; On                 ; On                 ;
; Power-Up Don't Care                                                             ; On                 ; On                 ;
; Remove Redundant Logic Cells                                                    ; Off                ; Off                ;
; Remove Duplicate Registers                                                      ; On                 ; On                 ;
; Ignore CARRY Buffers                                                            ; Off                ; Off                ;
; Ignore CASCADE Buffers                                                          ; Off                ; Off                ;
; Ignore GLOBAL Buffers                                                           ; Off                ; Off                ;
; Ignore ROW GLOBAL Buffers                                                       ; Off                ; Off                ;
; Ignore LCELL Buffers                                                            ; Off                ; Off                ;
; Ignore SOFT Buffers                                                             ; On                 ; On                 ;
; Limit AHDL Integers to 32 Bits                                                  ; Off                ; Off                ;
; Optimization Technique                                                          ; Balanced           ; Balanced           ;
; Carry Chain Length                                                              ; 70                 ; 70                 ;
; Auto Carry Chains                                                               ; On                 ; On                 ;
; Auto Open-Drain Pins                                                            ; On                 ; On                 ;
; Perform WYSIWYG Primitive Resynthesis                                           ; Off                ; Off                ;
; Auto ROM Replacement                                                            ; On                 ; On                 ;
; Auto RAM Replacement                                                            ; On                 ; On                 ;
; Auto DSP Block Replacement                                                      ; On                 ; On                 ;
; Auto Shift Register Replacement                                                 ; Auto               ; Auto               ;
; Allow Shift Register Merging across Hierarchies                                 ; Auto               ; Auto               ;
; Auto Clock Enable Replacement                                                   ; On                 ; On                 ;
; Strict RAM Replacement                                                          ; Off                ; Off                ;
; Allow Synchronous Control Signals                                               ; On                 ; On                 ;
; Force Use of Synchronous Clear Signals                                          ; Off                ; Off                ;
; Auto Resource Sharing                                                           ; Off                ; Off                ;
; Allow Any RAM Size For Recognition                                              ; Off                ; Off                ;
; Allow Any ROM Size For Recognition                                              ; Off                ; Off                ;
; Allow Any Shift Register Size For Recognition                                   ; Off                ; Off                ;
; Use LogicLock Constraints during Resource Balancing                             ; On                 ; On                 ;
; Ignore translate_off and synthesis_off directives                               ; Off                ; Off                ;
; Timing-Driven Synthesis                                                         ; On                 ; On                 ;
; Report Parameter Settings                                                       ; On                 ; On                 ;
; Report Source Assignments                                                       ; On                 ; On                 ;
; Report Connectivity Checks                                                      ; On                 ; On                 ;
; Ignore Maximum Fan-Out Assignments                                              ; Off                ; Off                ;
; Synchronization Register Chain Length                                           ; 3                  ; 3                  ;
; Power Optimization During Synthesis                                             ; Normal compilation ; Normal compilation ;
; HDL message level                                                               ; Level2             ; Level2             ;
; Suppress Register Optimization Related Messages                                 ; Off                ; Off                ;
; Number of Removed Registers Reported in Synthesis Report                        ; 5000               ; 5000               ;
; Number of Swept Nodes Reported in Synthesis Report                              ; 5000               ; 5000               ;
; Number of Inverted Registers Reported in Synthesis Report                       ; 100                ; 100                ;
; Clock MUX Protection                                                            ; On                 ; On                 ;
; Auto Gated Clock Conversion                                                     ; Off                ; Off                ;
; Block Design Naming                                                             ; Auto               ; Auto               ;
; SDC constraint protection                                                       ; Off                ; Off                ;
; Synthesis Effort                                                                ; Auto               ; Auto               ;
; Shift Register Replacement - Allow Asynchronous Clear Signal                    ; On                 ; On                 ;
; Pre-Mapping Resynthesis Optimization                                            ; Off                ; Off                ;
; Analysis & Synthesis Message Level                                              ; Medium             ; Medium             ;
; Disable Register Merging Across Hierarchies                                     ; Auto               ; Auto               ;
; Resource Aware Inference For Block RAM                                          ; On                 ; On                 ;
; Automatic Parallel Synthesis                                                    ; On                 ; On                 ;
; Partial Reconfiguration Bitstream ID                                            ; Off                ; Off                ;
+---------------------------------------------------------------------------------+--------------------+--------------------+


+------------------------------------------+
; Parallel Compilation                     ;
+----------------------------+-------------+
; Processors                 ; Number      ;
+----------------------------+-------------+
; Number detected on machine ; 8           ;
; Maximum allowed            ; 4           ;
;                            ;             ;
; Average used               ; 1.00        ;
; Maximum used               ; 1           ;
;                            ;             ;
; Usage by Processor         ; % Time Used ;
;     Processor 1            ; 100.0%      ;
+----------------------------+-------------+


+-----------------------------------------------------------------------------------------------------------------------------------------------------------------+
; Analysis & Synthesis Source Files Read                                                                                                                          ;
+----------------------------------+-----------------+------------------------+-------------------------------------------------------------------------+---------+
; File Name with User-Entered Path ; Used in Netlist ; File Type              ; File Name with Absolute Path                                            ; Library ;
+----------------------------------+-----------------+------------------------+-------------------------------------------------------------------------+---------+
; position.v                       ; yes             ; User Verilog HDL File  ; C:/Users/hhalb/Desktop/ECE241/FinalProject/Week2/PositionFSM/position.v ;         ;
+----------------------------------+-----------------+------------------------+-------------------------------------------------------------------------+---------+


+------------------------------------------------------+
; Analysis & Synthesis Resource Usage Summary          ;
+---------------------------------------------+--------+
; Resource                                    ; Usage  ;
+---------------------------------------------+--------+
; Estimate of Logic utilization (ALMs needed) ; 0      ;
;                                             ;        ;
; Combinational ALUT usage for logic          ; 0      ;
;     -- 7 input functions                    ; 0      ;
;     -- 6 input functions                    ; 0      ;
;     -- 5 input functions                    ; 0      ;
;     -- 4 input functions                    ; 0      ;
;     -- <=3 input functions                  ; 0      ;
;                                             ;        ;
; Dedicated logic registers                   ; 0      ;
;                                             ;        ;
; I/O pins                                    ; 24     ;
;                                             ;        ;
; Total DSP Blocks                            ; 0      ;
;                                             ;        ;
; Maximum fan-out node                        ; KEY[1] ;
; Maximum fan-out                             ; 1      ;
; Total fan-out                               ; 24     ;
; Average fan-out                             ; 0.50   ;
+---------------------------------------------+--------+


+----------------------------------------------------------------------------------------------------------------------------------------------------------------------------------------+
; Analysis & Synthesis Resource Utilization by Entity                                                                                                                                    ;
+----------------------------+---------------------+---------------------------+-------------------+------------+------+--------------+---------------------+-------------+--------------+
; Compilation Hierarchy Node ; Combinational ALUTs ; Dedicated Logic Registers ; Block Memory Bits ; DSP Blocks ; Pins ; Virtual Pins ; Full Hierarchy Name ; Entity Name ; Library Name ;
+----------------------------+---------------------+---------------------------+-------------------+------------+------+--------------+---------------------+-------------+--------------+
; |position                  ; 0 (0)               ; 0 (0)                     ; 0                 ; 0          ; 24   ; 0            ; |position           ; position    ; work         ;
+----------------------------+---------------------+---------------------------+-------------------+------------+------+--------------+---------------------+-------------+--------------+
Note: For table entries with two numbers listed, the numbers in parentheses indicate the number of resources of the given type used by the specific entity alone. The numbers listed outside of parentheses indicate the total resources of the given type used by the specific entity and all of its sub-entities in the hierarchy.


Encoding Type:  One-Hot
+-----------------------------------------------------------------------------------------------------------------------------------------------------------------------------------------------------------------+
; State Machine - |position|positionControl:POSCTRL|currentState                                                                                                                                                  ;
+----------------------------------+----------------------------------+-----------------------------+----------------------------+------------------------------+-----------------------------+-------------------+
; Name                             ; currentState.DONT_CHANGE_CURRENT ; currentState.CHANGE_CURRENT ; currentState.MODIFICATIONS ; currentState.CHANGE_POSITION ; currentState.LOAD_DIRECTION ; currentState.IDLE ;
+----------------------------------+----------------------------------+-----------------------------+----------------------------+------------------------------+-----------------------------+-------------------+
; currentState.IDLE                ; 0                                ; 0                           ; 0                          ; 0                            ; 0                           ; 0                 ;
; currentState.LOAD_DIRECTION      ; 0                                ; 0                           ; 0                          ; 0                            ; 1                           ; 1                 ;
; currentState.CHANGE_POSITION     ; 0                                ; 0                           ; 0                          ; 1                            ; 0                           ; 1                 ;
; currentState.MODIFICATIONS       ; 0                                ; 0                           ; 1                          ; 0                            ; 0                           ; 1                 ;
; currentState.CHANGE_CURRENT      ; 0                                ; 1                           ; 0                          ; 0                            ; 0                           ; 1                 ;
; currentState.DONT_CHANGE_CURRENT ; 1                                ; 0                           ; 0                          ; 0                            ; 0                           ; 1                 ;
+----------------------------------+----------------------------------+-----------------------------+----------------------------+------------------------------+-----------------------------+-------------------+


+---------------------------------------------------------------------------------------------------+
; Registers Removed During Synthesis                                                                ;
+----------------------------------------------------------+----------------------------------------+
; Register name                                            ; Reason for Removal                     ;
+----------------------------------------------------------+----------------------------------------+
; positionDatapath:POSDATA|changedX[0]                     ; Lost fanout                            ;
; positionDatapath:POSDATA|changedY[0]                     ; Lost fanout                            ;
; positionDatapath:POSDATA|tempCurrentX[0..4]              ; Lost fanout                            ;
; positionDatapath:POSDATA|tempCurrentY[0..4]              ; Lost fanout                            ;
; positionDatapath:POSDATA|newY[0..4]                      ; Stuck at GND due to stuck port data_in ;
; positionDatapath:POSDATA|newX[0..4]                      ; Stuck at GND due to stuck port data_in ;
; positionControl:POSCTRL|currentState.CHANGE_CURRENT      ; Lost fanout                            ;
; positionControl:POSCTRL|currentState~2                   ; Lost fanout                            ;
; positionControl:POSCTRL|currentState~3                   ; Lost fanout                            ;
; positionControl:POSCTRL|currentState~4                   ; Lost fanout                            ;
; positionControl:POSCTRL|currentState~5                   ; Lost fanout                            ;
; positionControl:POSCTRL|currentState.MODIFICATIONS       ; Stuck at GND due to stuck port data_in ;
; positionControl:POSCTRL|currentState.DONT_CHANGE_CURRENT ; Stuck at GND due to stuck port data_in ;
; positionControl:POSCTRL|currentState.IDLE                ; Lost fanout                            ;
; positionControl:POSCTRL|currentState.LOAD_DIRECTION      ; Lost fanout                            ;
; positionControl:POSCTRL|currentState.CHANGE_POSITION     ; Lost fanout                            ;
; Total Number of Removed Registers = 32                   ;                                        ;
+----------------------------------------------------------+----------------------------------------+


+-------------------------------------------------------------------------------------------------------------------------------------------+
; Removed Registers Triggering Further Register Optimizations                                                                               ;
+----------------------------------------------------+---------------------------+----------------------------------------------------------+
; Register name                                      ; Reason for Removal        ; Registers Removed due to This Register                   ;
+----------------------------------------------------+---------------------------+----------------------------------------------------------+
; positionDatapath:POSDATA|changedX[0]               ; Lost Fanouts              ; positionDatapath:POSDATA|tempCurrentX[0]                 ;
; positionDatapath:POSDATA|changedY[0]               ; Lost Fanouts              ; positionDatapath:POSDATA|tempCurrentY[0]                 ;
; positionDatapath:POSDATA|newY[1]                   ; Stuck at GND              ; positionDatapath:POSDATA|newX[1]                         ;
;                                                    ; due to stuck port data_in ;                                                          ;
; positionDatapath:POSDATA|newY[3]                   ; Stuck at GND              ; positionDatapath:POSDATA|newX[2]                         ;
;                                                    ; due to stuck port data_in ;                                                          ;
; positionControl:POSCTRL|currentState~3             ; Lost Fanouts              ; positionControl:POSCTRL|currentState.CHANGE_POSITION     ;
; positionControl:POSCTRL|currentState.MODIFICATIONS ; Stuck at GND              ; positionControl:POSCTRL|currentState.DONT_CHANGE_CURRENT ;
;                                                    ; due to stuck port data_in ;                                                          ;
+----------------------------------------------------+---------------------------+----------------------------------------------------------+


+------------------------------------------------------+
; General Register Statistics                          ;
+----------------------------------------------+-------+
; Statistic                                    ; Value ;
+----------------------------------------------+-------+
; Total registers                              ; 0     ;
; Number of registers using Synchronous Clear  ; 0     ;
; Number of registers using Synchronous Load   ; 0     ;
; Number of registers using Asynchronous Clear ; 0     ;
; Number of registers using Asynchronous Load  ; 0     ;
; Number of registers using Clock Enable       ; 0     ;
; Number of registers using Preset             ; 0     ;
+----------------------------------------------+-------+


+------------------------------------------------------------------------------------------------------------------------+
; Port Connectivity Checks: "positionDatapath:POSDATA"                                                                   ;
+--------------+--------+----------+-------------------------------------------------------------------------------------+
; Port         ; Type   ; Severity ; Details                                                                             ;
+--------------+--------+----------+-------------------------------------------------------------------------------------+
; currentX     ; Input  ; Info     ; Stuck at GND                                                                        ;
; currentY     ; Input  ; Info     ; Stuck at GND                                                                        ;
; tempCurrentX ; Output ; Info     ; Connected to dangling logic. Logic that only feeds a dangling port will be removed. ;
; tempCurrentY ; Output ; Info     ; Connected to dangling logic. Logic that only feeds a dangling port will be removed. ;
; changedX     ; Output ; Info     ; Connected to dangling logic. Logic that only feeds a dangling port will be removed. ;
; changedY     ; Output ; Info     ; Connected to dangling logic. Logic that only feeds a dangling port will be removed. ;
+--------------+--------+----------+-------------------------------------------------------------------------------------+


+------------------------------------------------------------------------------------------------------------------------------+
; Port Connectivity Checks: "positionControl:POSCTRL"                                                                          ;
+--------------------+--------+----------+-------------------------------------------------------------------------------------+
; Port               ; Type   ; Severity ; Details                                                                             ;
+--------------------+--------+----------+-------------------------------------------------------------------------------------+
; doneChangePosition ; Output ; Info     ; Connected to dangling logic. Logic that only feeds a dangling port will be removed. ;
+--------------------+--------+----------+-------------------------------------------------------------------------------------+


+-----------------------------------------------------+
; Post-Synthesis Netlist Statistics for Top Partition ;
+-----------------------+-----------------------------+
; Type                  ; Count                       ;
+-----------------------+-----------------------------+
; arriav_lcell_comb     ; 1                           ;
;     normal            ; 1                           ;
;         0 data inputs ; 1                           ;
; boundary_port         ; 24                          ;
;                       ;                             ;
; Max LUT depth         ; 0.00                        ;
; Average LUT depth     ; 0.00                        ;
+-----------------------+-----------------------------+


+-------------------------------+
; Elapsed Time Per Partition    ;
+----------------+--------------+
; Partition Name ; Elapsed Time ;
+----------------+--------------+
; Top            ; 00:00:00     ;
+----------------+--------------+


+-------------------------------+
; Analysis & Synthesis Messages ;
+-------------------------------+
Info: *******************************************************************
Info: Running Quartus Prime Analysis & Synthesis
    Info: Version 18.0.0 Build 614 04/24/2018 SJ Lite Edition
    Info: Processing started: Sun Nov 18 00:23:50 2018
Info: Command: quartus_map --read_settings_files=on --write_settings_files=off position -c position
Warning (18236): Number of processors has not been specified which may cause overloading on shared machines.  Set the global assignment NUM_PARALLEL_PROCESSORS in your QSF to an appropriate value for best performance.
Info (20030): Parallel compilation is enabled and will use 4 of the 4 processors detected
Info (12021): Found 3 design units, including 3 entities, in source file position.v
    Info (12023): Found entity 1: position File: C:/Users/hhalb/Desktop/ECE241/FinalProject/Week2/PositionFSM/position.v Line: 3
    Info (12023): Found entity 2: positionControl File: C:/Users/hhalb/Desktop/ECE241/FinalProject/Week2/PositionFSM/position.v Line: 66
    Info (12023): Found entity 3: positionDatapath File: C:/Users/hhalb/Desktop/ECE241/FinalProject/Week2/PositionFSM/position.v Line: 184
Info (12127): Elaborating entity "position" for the top level hierarchy
Info (12128): Elaborating entity "positionControl" for hierarchy "positionControl:POSCTRL" File: C:/Users/hhalb/Desktop/ECE241/FinalProject/Week2/PositionFSM/position.v Line: 29
Info (12128): Elaborating entity "positionDatapath" for hierarchy "positionDatapath:POSDATA" File: C:/Users/hhalb/Desktop/ECE241/FinalProject/Week2/PositionFSM/position.v Line: 59
Warning (12011): Net is missing source, defaulting to GND
    Warning (12110): Net "doneCheckLegal" is missing source, defaulting to GND File: C:/Users/hhalb/Desktop/ECE241/FinalProject/Week2/PositionFSM/position.v Line: 13
    Warning (12110): Net "isLegal" is missing source, defaulting to GND File: C:/Users/hhalb/Desktop/ECE241/FinalProject/Week2/PositionFSM/position.v Line: 13
Warning (13024): Output pins are stuck at VCC or GND
    Warning (13410): Pin "moveX[0]" is stuck at GND File: C:/Users/hhalb/Desktop/ECE241/FinalProject/Week2/PositionFSM/position.v Line: 10
    Warning (13410): Pin "moveX[1]" is stuck at GND File: C:/Users/hhalb/Desktop/ECE241/FinalProject/Week2/PositionFSM/position.v Line: 10
    Warning (13410): Pin "moveX[2]" is stuck at GND File: C:/Users/hhalb/Desktop/ECE241/FinalProject/Week2/PositionFSM/position.v Line: 10
    Warning (13410): Pin "moveX[3]" is stuck at GND File: C:/Users/hhalb/Desktop/ECE241/FinalProject/Week2/PositionFSM/position.v Line: 10
    Warning (13410): Pin "moveX[4]" is stuck at GND File: C:/Users/hhalb/Desktop/ECE241/FinalProject/Week2/PositionFSM/position.v Line: 10
    Warning (13410): Pin "moveY[0]" is stuck at GND File: C:/Users/hhalb/Desktop/ECE241/FinalProject/Week2/PositionFSM/position.v Line: 10
    Warning (13410): Pin "moveY[1]" is stuck at GND File: C:/Users/hhalb/Desktop/ECE241/FinalProject/Week2/PositionFSM/position.v Line: 10
    Warning (13410): Pin "moveY[2]" is stuck at GND File: C:/Users/hhalb/Desktop/ECE241/FinalProject/Week2/PositionFSM/position.v Line: 10
    Warning (13410): Pin "moveY[3]" is stuck at GND File: C:/Users/hhalb/Desktop/ECE241/FinalProject/Week2/PositionFSM/position.v Line: 10
    Warning (13410): Pin "moveY[4]" is stuck at GND File: C:/Users/hhalb/Desktop/ECE241/FinalProject/Week2/PositionFSM/position.v Line: 10
Info (17049): 20 registers lost all their fanouts during netlist optimizations.
Info (16010): Generating hard_block partition "hard_block:auto_generated_inst"
    Info (16011): Adding 0 node(s), including 0 DDIO, 0 PLL, 0 transceiver and 0 LCELL
Warning (21074): Design contains 14 input pin(s) that do not drive logic
    Warning (15610): No output dependent on input pin "KEY[1]" File: C:/Users/hhalb/Desktop/ECE241/FinalProject/Week2/PositionFSM/position.v Line: 6
    Warning (15610): No output dependent on input pin "KEY[2]" File: C:/Users/hhalb/Desktop/ECE241/FinalProject/Week2/PositionFSM/position.v Line: 6
    Warning (15610): No output dependent on input pin "KEY[3]" File: C:/Users/hhalb/Desktop/ECE241/FinalProject/Week2/PositionFSM/position.v Line: 6
    Warning (15610): No output dependent on input pin "ps2_key_data[0]" File: C:/Users/hhalb/Desktop/ECE241/FinalProject/Week2/PositionFSM/position.v Line: 8
    Warning (15610): No output dependent on input pin "ps2_key_data[1]" File: C:/Users/hhalb/Desktop/ECE241/FinalProject/Week2/PositionFSM/position.v Line: 8
    Warning (15610): No output dependent on input pin "ps2_key_data[2]" File: C:/Users/hhalb/Desktop/ECE241/FinalProject/Week2/PositionFSM/position.v Line: 8
    Warning (15610): No output dependent on input pin "ps2_key_data[3]" File: C:/Users/hhalb/Desktop/ECE241/FinalProject/Week2/PositionFSM/position.v Line: 8
    Warning (15610): No output dependent on input pin "ps2_key_data[4]" File: C:/Users/hhalb/Desktop/ECE241/FinalProject/Week2/PositionFSM/position.v Line: 8
    Warning (15610): No output dependent on input pin "ps2_key_data[5]" File: C:/Users/hhalb/Desktop/ECE241/FinalProject/Week2/PositionFSM/position.v Line: 8
    Warning (15610): No output dependent on input pin "ps2_key_data[6]" File: C:/Users/hhalb/Desktop/ECE241/FinalProject/Week2/PositionFSM/position.v Line: 8
    Warning (15610): No output dependent on input pin "ps2_key_data[7]" File: C:/Users/hhalb/Desktop/ECE241/FinalProject/Week2/PositionFSM/position.v Line: 8
    Warning (15610): No output dependent on input pin "ps2_key_pressed" File: C:/Users/hhalb/Desktop/ECE241/FinalProject/Week2/PositionFSM/position.v Line: 7
    Warning (15610): No output dependent on input pin "KEY[0]" File: C:/Users/hhalb/Desktop/ECE241/FinalProject/Week2/PositionFSM/position.v Line: 6
    Warning (15610): No output dependent on input pin "CLOCK_50" File: C:/Users/hhalb/Desktop/ECE241/FinalProject/Week2/PositionFSM/position.v Line: 5
Info (21057): Implemented 24 device resources after synthesis - the final resource count might be different
    Info (21058): Implemented 14 input pins
    Info (21059): Implemented 10 output pins
Info: Quartus Prime Analysis & Synthesis was successful. 0 errors, 30 warnings
    Info: Peak virtual memory: 4824 megabytes
    Info: Processing ended: Sun Nov 18 00:24:01 2018
    Info: Elapsed time: 00:00:11
    Info: Total CPU time (on all processors): 00:00:26


