Analysis & Synthesis report for demo
Thu Nov 15 14:57:04 2018
Quartus Prime Version 18.0.0 Build 614 04/24/2018 SJ Standard Edition


---------------------
; Table of Contents ;
---------------------
  1. Legal Notice
  2. Analysis & Synthesis Summary
  3. Analysis & Synthesis Settings
  4. Parallel Compilation
  5. Analysis & Synthesis Source Files Read
  6. Analysis & Synthesis Resource Usage Summary
  7. Analysis & Synthesis Resource Utilization by Entity
  8. State Machine - |demo|PS2_Controller:PS2|s_ps2_transceiver
  9. State Machine - |demo|PS2_Controller:PS2|Altera_UP_PS2_Command_Out:PS2_Command_Out|s_ps2_transmitter
 10. State Machine - |demo|PS2_Controller:PS2|Altera_UP_PS2_Data_In:PS2_Data_In|s_ps2_receiver
 11. Registers Removed During Synthesis
 12. Removed Registers Triggering Further Register Optimizations
 13. General Register Statistics
 14. Multiplexer Restructuring Statistics (Restructuring Performed)
 15. Parameter Settings for User Entity Instance: PS2_Controller:PS2
 16. Parameter Settings for User Entity Instance: PS2_Controller:PS2|Altera_UP_PS2_Command_Out:PS2_Command_Out
 17. Port Connectivity Checks: "PS2_Controller:PS2"
 18. Post-Synthesis Netlist Statistics for Top Partition
 19. Elapsed Time Per Partition
 20. Analysis & Synthesis Messages



----------------
; Legal Notice ;
----------------
Copyright (C) 2018  Intel Corporation. All rights reserved.
Your use of Intel Corporation's design tools, logic functions 
and other software and tools, and its AMPP partner logic 
functions, and any output files from any of the foregoing 
(including device programming or simulation files), and any 
associated documentation or information are expressly subject 
to the terms and conditions of the Intel Program License 
Subscription Agreement, the Intel Quartus Prime License Agreement,
the Intel FPGA IP License Agreement, or other applicable license
agreement, including, without limitation, that your use is for
the sole purpose of programming logic devices manufactured by
Intel and sold by Intel or its authorized distributors.  Please
refer to the applicable agreement for further details.



+-----------------------------------------------------------------------------------+
; Analysis & Synthesis Summary                                                      ;
+---------------------------------+-------------------------------------------------+
; Analysis & Synthesis Status     ; Successful - Thu Nov 15 14:57:04 2018           ;
; Quartus Prime Version           ; 18.0.0 Build 614 04/24/2018 SJ Standard Edition ;
; Revision Name                   ; demo                                            ;
; Top-level Entity Name           ; demo                                            ;
; Family                          ; Cyclone V                                       ;
; Logic utilization (in ALMs)     ; N/A                                             ;
; Total registers                 ; 98                                              ;
; Total pins                      ; 63                                              ;
; Total virtual pins              ; 0                                               ;
; Total block memory bits         ; 0                                               ;
; Total DSP Blocks                ; 0                                               ;
; Total HSSI RX PCSs              ; 0                                               ;
; Total HSSI PMA RX Deserializers ; 0                                               ;
; Total HSSI TX PCSs              ; 0                                               ;
; Total HSSI PMA TX Serializers   ; 0                                               ;
; Total PLLs                      ; 0                                               ;
; Total DLLs                      ; 0                                               ;
+---------------------------------+-------------------------------------------------+


+---------------------------------------------------------------------------------------------------------------------------+
; Analysis & Synthesis Settings                                                                                             ;
+---------------------------------------------------------------------------------+--------------------+--------------------+
; Option                                                                          ; Setting            ; Default Value      ;
+---------------------------------------------------------------------------------+--------------------+--------------------+
; Device                                                                          ; 5CSEMA5F31C6       ;                    ;
; Top-level entity name                                                           ; demo               ; demo               ;
; Family name                                                                     ; Cyclone V          ; Cyclone V          ;
; Use smart compilation                                                           ; Off                ; Off                ;
; Enable parallel Assembler and Timing Analyzer during compilation                ; On                 ; On                 ;
; Enable compact report table                                                     ; Off                ; Off                ;
; Restructure Multiplexers                                                        ; Auto               ; Auto               ;
; MLAB Add Timing Constraints For Mixed-Port Feed-Through Mode Setting Don't Care ; Off                ; Off                ;
; Create Debugging Nodes for IP Cores                                             ; Off                ; Off                ;
; Preserve fewer node names                                                       ; On                 ; On                 ;
; Intel FPGA IP Evaluation Mode                                                   ; Enable             ; Enable             ;
; Verilog Version                                                                 ; Verilog_2001       ; Verilog_2001       ;
; VHDL Version                                                                    ; VHDL_1993          ; VHDL_1993          ;
; State Machine Processing                                                        ; Auto               ; Auto               ;
; Safe State Machine                                                              ; Off                ; Off                ;
; Extract Verilog State Machines                                                  ; On                 ; On                 ;
; Extract VHDL State Machines                                                     ; On                 ; On                 ;
; Ignore Verilog initial constructs                                               ; Off                ; Off                ;
; Iteration limit for constant Verilog loops                                      ; 5000               ; 5000               ;
; Iteration limit for non-constant Verilog loops                                  ; 250                ; 250                ;
; Add Pass-Through Logic to Inferred RAMs                                         ; On                 ; On                 ;
; Infer RAMs from Raw Logic                                                       ; On                 ; On                 ;
; Parallel Synthesis                                                              ; On                 ; On                 ;
; DSP Block Balancing                                                             ; Auto               ; Auto               ;
; NOT Gate Push-Back                                                              ; On                 ; On                 ;
; Power-Up Don't Care                                                             ; On                 ; On                 ;
; Remove Redundant Logic Cells                                                    ; Off                ; Off                ;
; Remove Duplicate Registers                                                      ; On                 ; On                 ;
; Ignore CARRY Buffers                                                            ; Off                ; Off                ;
; Ignore CASCADE Buffers                                                          ; Off                ; Off                ;
; Ignore GLOBAL Buffers                                                           ; Off                ; Off                ;
; Ignore ROW GLOBAL Buffers                                                       ; Off                ; Off                ;
; Ignore LCELL Buffers                                                            ; Off                ; Off                ;
; Ignore SOFT Buffers                                                             ; On                 ; On                 ;
; Limit AHDL Integers to 32 Bits                                                  ; Off                ; Off                ;
; Optimization Technique                                                          ; Balanced           ; Balanced           ;
; Carry Chain Length                                                              ; 70                 ; 70                 ;
; Auto Carry Chains                                                               ; On                 ; On                 ;
; Auto Open-Drain Pins                                                            ; On                 ; On                 ;
; Perform WYSIWYG Primitive Resynthesis                                           ; Off                ; Off                ;
; Auto ROM Replacement                                                            ; On                 ; On                 ;
; Auto RAM Replacement                                                            ; On                 ; On                 ;
; Auto DSP Block Replacement                                                      ; On                 ; On                 ;
; Auto Shift Register Replacement                                                 ; Auto               ; Auto               ;
; Allow Shift Register Merging across Hierarchies                                 ; Auto               ; Auto               ;
; Auto Clock Enable Replacement                                                   ; On                 ; On                 ;
; Strict RAM Replacement                                                          ; Off                ; Off                ;
; Allow Synchronous Control Signals                                               ; On                 ; On                 ;
; Force Use of Synchronous Clear Signals                                          ; Off                ; Off                ;
; Auto Resource Sharing                                                           ; Off                ; Off                ;
; Allow Any RAM Size For Recognition                                              ; Off                ; Off                ;
; Allow Any ROM Size For Recognition                                              ; Off                ; Off                ;
; Allow Any Shift Register Size For Recognition                                   ; Off                ; Off                ;
; Use LogicLock Constraints during Resource Balancing                             ; On                 ; On                 ;
; Ignore translate_off and synthesis_off directives                               ; Off                ; Off                ;
; Timing-Driven Synthesis                                                         ; On                 ; On                 ;
; Report Parameter Settings                                                       ; On                 ; On                 ;
; Report Source Assignments                                                       ; On                 ; On                 ;
; Report Connectivity Checks                                                      ; On                 ; On                 ;
; Ignore Maximum Fan-Out Assignments                                              ; Off                ; Off                ;
; Synchronization Register Chain Length                                           ; 3                  ; 3                  ;
; Power Optimization During Synthesis                                             ; Normal compilation ; Normal compilation ;
; HDL message level                                                               ; Level2             ; Level2             ;
; Suppress Register Optimization Related Messages                                 ; Off                ; Off                ;
; Number of Removed Registers Reported in Synthesis Report                        ; 5000               ; 5000               ;
; Number of Swept Nodes Reported in Synthesis Report                              ; 5000               ; 5000               ;
; Number of Inverted Registers Reported in Synthesis Report                       ; 100                ; 100                ;
; Clock MUX Protection                                                            ; On                 ; On                 ;
; Auto Gated Clock Conversion                                                     ; Off                ; Off                ;
; Block Design Naming                                                             ; Auto               ; Auto               ;
; SDC constraint protection                                                       ; Off                ; Off                ;
; Synthesis Effort                                                                ; Auto               ; Auto               ;
; Shift Register Replacement - Allow Asynchronous Clear Signal                    ; On                 ; On                 ;
; Pre-Mapping Resynthesis Optimization                                            ; Off                ; Off                ;
; Analysis & Synthesis Message Level                                              ; Medium             ; Medium             ;
; Disable Register Merging Across Hierarchies                                     ; Auto               ; Auto               ;
; Resource Aware Inference For Block RAM                                          ; On                 ; On                 ;
; Automatic Parallel Synthesis                                                    ; On                 ; On                 ;
; Partial Reconfiguration Bitstream ID                                            ; Off                ; Off                ;
+---------------------------------------------------------------------------------+--------------------+--------------------+


+------------------------------------------+
; Parallel Compilation                     ;
+----------------------------+-------------+
; Processors                 ; Number      ;
+----------------------------+-------------+
; Number detected on machine ; 8           ;
; Maximum allowed            ; 4           ;
;                            ;             ;
; Average used               ; 1.00        ;
; Maximum used               ; 4           ;
;                            ;             ;
; Usage by Processor         ; % Time Used ;
;     Processor 1            ; 100.0%      ;
;     Processors 2-4         ;   0.0%      ;
+----------------------------+-------------+


+------------------------------------------------------------------------------------------------------------------------------------------------------------------------------------------------------------------------+
; Analysis & Synthesis Source Files Read                                                                                                                                                                                 ;
+---------------------------------------------------------------------------------+-----------------+------------------------+---------------------------------------------------------------------------------+---------+
; File Name with User-Entered Path                                                ; Used in Netlist ; File Type              ; File Name with Absolute Path                                                    ; Library ;
+---------------------------------------------------------------------------------+-----------------+------------------------+---------------------------------------------------------------------------------+---------+
; //SRVD/Homes$/akhtaryu/Desktop/PS2_Demo/PS2_Demo/PS2_Controller.v               ; yes             ; User Verilog HDL File  ; //SRVD/Homes$/akhtaryu/Desktop/PS2_Demo/PS2_Demo/PS2_Controller.v               ;         ;
; //SRVD/Homes$/akhtaryu/Desktop/PS2_Demo/PS2_Demo/Hexadecimal_To_Seven_Segment.v ; yes             ; User Verilog HDL File  ; //SRVD/Homes$/akhtaryu/Desktop/PS2_Demo/PS2_Demo/Hexadecimal_To_Seven_Segment.v ;         ;
; //SRVD/Homes$/akhtaryu/Desktop/PS2_Demo/PS2_Demo/Altera_UP_PS2_Data_In.v        ; yes             ; User Verilog HDL File  ; //SRVD/Homes$/akhtaryu/Desktop/PS2_Demo/PS2_Demo/Altera_UP_PS2_Data_In.v        ;         ;
; //SRVD/Homes$/akhtaryu/Desktop/PS2_Demo/PS2_Demo/Altera_UP_PS2_Command_Out.v    ; yes             ; User Verilog HDL File  ; //SRVD/Homes$/akhtaryu/Desktop/PS2_Demo/PS2_Demo/Altera_UP_PS2_Command_Out.v    ;         ;
; //SRVD/Homes$/akhtaryu/Desktop/PS2_Demo/PS2_Demo/demo.v                         ; yes             ; User Verilog HDL File  ; //SRVD/Homes$/akhtaryu/Desktop/PS2_Demo/PS2_Demo/demo.v                         ;         ;
+---------------------------------------------------------------------------------+-----------------+------------------------+---------------------------------------------------------------------------------+---------+


+--------------------------------------------------------------+
; Analysis & Synthesis Resource Usage Summary                  ;
+---------------------------------------------+----------------+
; Resource                                    ; Usage          ;
+---------------------------------------------+----------------+
; Estimate of Logic utilization (ALMs needed) ; 72             ;
;                                             ;                ;
; Combinational ALUT usage for logic          ; 121            ;
;     -- 7 input functions                    ; 0              ;
;     -- 6 input functions                    ; 20             ;
;     -- 5 input functions                    ; 11             ;
;     -- 4 input functions                    ; 25             ;
;     -- <=3 input functions                  ; 65             ;
;                                             ;                ;
; Dedicated logic registers                   ; 98             ;
;                                             ;                ;
; I/O pins                                    ; 63             ;
;                                             ;                ;
; Total DSP Blocks                            ; 0              ;
;                                             ;                ;
; Maximum fan-out node                        ; CLOCK_50~input ;
; Maximum fan-out                             ; 98             ;
; Total fan-out                               ; 851            ;
; Average fan-out                             ; 2.45           ;
+---------------------------------------------+----------------+


+-------------------------------------------------------------------------------------------------------------------------------------------------------------------------------------------------------------------------------------------------------------------------------+
; Analysis & Synthesis Resource Utilization by Entity                                                                                                                                                                                                                           ;
+---------------------------------------------------+---------------------+---------------------------+-------------------+------------+------+--------------+--------------------------------------------------------------------+------------------------------+--------------+
; Compilation Hierarchy Node                        ; Combinational ALUTs ; Dedicated Logic Registers ; Block Memory Bits ; DSP Blocks ; Pins ; Virtual Pins ; Full Hierarchy Name                                                ; Entity Name                  ; Library Name ;
+---------------------------------------------------+---------------------+---------------------------+-------------------+------------+------+--------------+--------------------------------------------------------------------+------------------------------+--------------+
; |demo                                             ; 121 (1)             ; 98 (8)                    ; 0                 ; 0          ; 63   ; 0            ; |demo                                                              ; demo                         ; work         ;
;    |Hexadecimal_To_Seven_Segment:Segment0|        ; 7 (7)               ; 0 (0)                     ; 0                 ; 0          ; 0    ; 0            ; |demo|Hexadecimal_To_Seven_Segment:Segment0                        ; Hexadecimal_To_Seven_Segment ; work         ;
;    |Hexadecimal_To_Seven_Segment:Segment1|        ; 7 (7)               ; 0 (0)                     ; 0                 ; 0          ; 0    ; 0            ; |demo|Hexadecimal_To_Seven_Segment:Segment1                        ; Hexadecimal_To_Seven_Segment ; work         ;
;    |PS2_Controller:PS2|                           ; 106 (6)             ; 90 (5)                    ; 0                 ; 0          ; 0    ; 0            ; |demo|PS2_Controller:PS2                                           ; PS2_Controller               ; work         ;
;       |Altera_UP_PS2_Command_Out:PS2_Command_Out| ; 86 (86)             ; 60 (60)                   ; 0                 ; 0          ; 0    ; 0            ; |demo|PS2_Controller:PS2|Altera_UP_PS2_Command_Out:PS2_Command_Out ; Altera_UP_PS2_Command_Out    ; work         ;
;       |Altera_UP_PS2_Data_In:PS2_Data_In|         ; 14 (14)             ; 25 (25)                   ; 0                 ; 0          ; 0    ; 0            ; |demo|PS2_Controller:PS2|Altera_UP_PS2_Data_In:PS2_Data_In         ; Altera_UP_PS2_Data_In        ; work         ;
+---------------------------------------------------+---------------------+---------------------------+-------------------+------------+------+--------------+--------------------------------------------------------------------+------------------------------+--------------+
Note: For table entries with two numbers listed, the numbers in parentheses indicate the number of resources of the given type used by the specific entity alone. The numbers listed outside of parentheses indicate the total resources of the given type used by the specific entity and all of its sub-entities in the hierarchy.


Encoding Type:  One-Hot
+--------------------------------------------------------------------------------------------------------------------------------------------------------------------------------------------------------------------------------------------------------------+
; State Machine - |demo|PS2_Controller:PS2|s_ps2_transceiver                                                                                                                                                                                                   ;
+--------------------------------------------+--------------------------------------------+-------------------------------------------+---------------------------------------+------------------------------------+-------------------------------------------+
; Name                                       ; s_ps2_transceiver.PS2_STATE_3_END_TRANSFER ; s_ps2_transceiver.PS2_STATE_2_COMMAND_OUT ; s_ps2_transceiver.PS2_STATE_1_DATA_IN ; s_ps2_transceiver.PS2_STATE_0_IDLE ; s_ps2_transceiver.PS2_STATE_4_END_DELAYED ;
+--------------------------------------------+--------------------------------------------+-------------------------------------------+---------------------------------------+------------------------------------+-------------------------------------------+
; s_ps2_transceiver.PS2_STATE_0_IDLE         ; 0                                          ; 0                                         ; 0                                     ; 0                                  ; 0                                         ;
; s_ps2_transceiver.PS2_STATE_1_DATA_IN      ; 0                                          ; 0                                         ; 1                                     ; 1                                  ; 0                                         ;
; s_ps2_transceiver.PS2_STATE_2_COMMAND_OUT  ; 0                                          ; 1                                         ; 0                                     ; 1                                  ; 0                                         ;
; s_ps2_transceiver.PS2_STATE_3_END_TRANSFER ; 1                                          ; 0                                         ; 0                                     ; 1                                  ; 0                                         ;
; s_ps2_transceiver.PS2_STATE_4_END_DELAYED  ; 0                                          ; 0                                         ; 0                                     ; 1                                  ; 1                                         ;
+--------------------------------------------+--------------------------------------------+-------------------------------------------+---------------------------------------+------------------------------------+-------------------------------------------+


Encoding Type:  One-Hot
+-----------------------------------------------------------------------------------------------------------------------------------------------------------------------------------------------------------------------------------------------------------------------------------------------------------------------------------------------------------------------------------------------------------------------------------------------------+
; State Machine - |demo|PS2_Controller:PS2|Altera_UP_PS2_Command_Out:PS2_Command_Out|s_ps2_transmitter                                                                                                                                                                                                                                                                                                                                                ;
+------------------------------------------------------+--------------------------------------------------+------------------------------------------------+-----------------------------------------------+-------------------------------------------------+---------------------------------------------+----------------------------------------------+------------------------------------------------------+------------------------------------+
; Name                                                 ; s_ps2_transmitter.PS2_STATE_7_TRANSMISSION_ERROR ; s_ps2_transmitter.PS2_STATE_6_COMMAND_WAS_SENT ; s_ps2_transmitter.PS2_STATE_5_RECEIVE_ACK_BIT ; s_ps2_transmitter.PS2_STATE_4_TRANSMIT_STOP_BIT ; s_ps2_transmitter.PS2_STATE_3_TRANSMIT_DATA ; s_ps2_transmitter.PS2_STATE_2_WAIT_FOR_CLOCK ; s_ps2_transmitter.PS2_STATE_1_INITIATE_COMMUNICATION ; s_ps2_transmitter.PS2_STATE_0_IDLE ;
+------------------------------------------------------+--------------------------------------------------+------------------------------------------------+-----------------------------------------------+-------------------------------------------------+---------------------------------------------+----------------------------------------------+------------------------------------------------------+------------------------------------+
; s_ps2_transmitter.PS2_STATE_0_IDLE                   ; 0                                                ; 0                                              ; 0                                             ; 0                                               ; 0                                           ; 0                                            ; 0                                                    ; 0                                  ;
; s_ps2_transmitter.PS2_STATE_1_INITIATE_COMMUNICATION ; 0                                                ; 0                                              ; 0                                             ; 0                                               ; 0                                           ; 0                                            ; 1                                                    ; 1                                  ;
; s_ps2_transmitter.PS2_STATE_2_WAIT_FOR_CLOCK         ; 0                                                ; 0                                              ; 0                                             ; 0                                               ; 0                                           ; 1                                            ; 0                                                    ; 1                                  ;
; s_ps2_transmitter.PS2_STATE_3_TRANSMIT_DATA          ; 0                                                ; 0                                              ; 0                                             ; 0                                               ; 1                                           ; 0                                            ; 0                                                    ; 1                                  ;
; s_ps2_transmitter.PS2_STATE_4_TRANSMIT_STOP_BIT      ; 0                                                ; 0                                              ; 0                                             ; 1                                               ; 0                                           ; 0                                            ; 0                                                    ; 1                                  ;
; s_ps2_transmitter.PS2_STATE_5_RECEIVE_ACK_BIT        ; 0                                                ; 0                                              ; 1                                             ; 0                                               ; 0                                           ; 0                                            ; 0                                                    ; 1                                  ;
; s_ps2_transmitter.PS2_STATE_6_COMMAND_WAS_SENT       ; 0                                                ; 1                                              ; 0                                             ; 0                                               ; 0                                           ; 0                                            ; 0                                                    ; 1                                  ;
; s_ps2_transmitter.PS2_STATE_7_TRANSMISSION_ERROR     ; 1                                                ; 0                                              ; 0                                             ; 0                                               ; 0                                           ; 0                                            ; 0                                                    ; 1                                  ;
+------------------------------------------------------+--------------------------------------------------+------------------------------------------------+-----------------------------------------------+-------------------------------------------------+---------------------------------------------+----------------------------------------------+------------------------------------------------------+------------------------------------+


Encoding Type:  One-Hot
+----------------------------------------------------------------------------------------------------------------------------------------------------------------------------------------------------------------------------------------+
; State Machine - |demo|PS2_Controller:PS2|Altera_UP_PS2_Data_In:PS2_Data_In|s_ps2_receiver                                                                                                                                              ;
+------------------------------------------+--------------------------------------+------------------------------------+------------------------------------------+---------------------------------+------------------------------------+
; Name                                     ; s_ps2_receiver.PS2_STATE_3_PARITY_IN ; s_ps2_receiver.PS2_STATE_2_DATA_IN ; s_ps2_receiver.PS2_STATE_1_WAIT_FOR_DATA ; s_ps2_receiver.PS2_STATE_0_IDLE ; s_ps2_receiver.PS2_STATE_4_STOP_IN ;
+------------------------------------------+--------------------------------------+------------------------------------+------------------------------------------+---------------------------------+------------------------------------+
; s_ps2_receiver.PS2_STATE_0_IDLE          ; 0                                    ; 0                                  ; 0                                        ; 0                               ; 0                                  ;
; s_ps2_receiver.PS2_STATE_1_WAIT_FOR_DATA ; 0                                    ; 0                                  ; 1                                        ; 1                               ; 0                                  ;
; s_ps2_receiver.PS2_STATE_2_DATA_IN       ; 0                                    ; 1                                  ; 0                                        ; 1                               ; 0                                  ;
; s_ps2_receiver.PS2_STATE_3_PARITY_IN     ; 1                                    ; 0                                  ; 0                                        ; 1                               ; 0                                  ;
; s_ps2_receiver.PS2_STATE_4_STOP_IN       ; 0                                    ; 0                                  ; 0                                        ; 1                               ; 1                                  ;
+------------------------------------------+--------------------------------------+------------------------------------+------------------------------------------+---------------------------------+------------------------------------+


+---------------------------------------------------------------------------------------------------------------------------------------------------------------------------------------------------------+
; Registers Removed During Synthesis                                                                                                                                                                      ;
+---------------------------------------------------------------------------------------------------------------+-----------------------------------------------------------------------------------------+
; Register name                                                                                                 ; Reason for Removal                                                                      ;
+---------------------------------------------------------------------------------------------------------------+-----------------------------------------------------------------------------------------+
; PS2_Controller:PS2|idle_counter[0..7]                                                                         ; Lost fanout                                                                             ;
; PS2_Controller:PS2|Altera_UP_PS2_Command_Out:PS2_Command_Out|ps2_command[1..7]                                ; Merged with PS2_Controller:PS2|Altera_UP_PS2_Command_Out:PS2_Command_Out|ps2_command[0] ;
; PS2_Controller:PS2|Altera_UP_PS2_Command_Out:PS2_Command_Out|ps2_command[0]                                   ; Stuck at GND due to stuck port data_in                                                  ;
; PS2_Controller:PS2|s_ps2_transceiver~2                                                                        ; Lost fanout                                                                             ;
; PS2_Controller:PS2|s_ps2_transceiver~3                                                                        ; Lost fanout                                                                             ;
; PS2_Controller:PS2|Altera_UP_PS2_Command_Out:PS2_Command_Out|s_ps2_transmitter~2                              ; Lost fanout                                                                             ;
; PS2_Controller:PS2|Altera_UP_PS2_Command_Out:PS2_Command_Out|s_ps2_transmitter~3                              ; Lost fanout                                                                             ;
; PS2_Controller:PS2|Altera_UP_PS2_Command_Out:PS2_Command_Out|s_ps2_transmitter~4                              ; Lost fanout                                                                             ;
; PS2_Controller:PS2|Altera_UP_PS2_Data_In:PS2_Data_In|s_ps2_receiver~2                                         ; Lost fanout                                                                             ;
; PS2_Controller:PS2|Altera_UP_PS2_Data_In:PS2_Data_In|s_ps2_receiver~3                                         ; Lost fanout                                                                             ;
; PS2_Controller:PS2|s_ps2_transceiver.PS2_STATE_2_COMMAND_OUT                                                  ; Stuck at GND due to stuck port data_in                                                  ;
; PS2_Controller:PS2|s_ps2_transceiver.PS2_STATE_4_END_DELAYED                                                  ; Stuck at GND due to stuck port data_in                                                  ;
; PS2_Controller:PS2|Altera_UP_PS2_Command_Out:PS2_Command_Out|command_was_sent                                 ; Lost fanout                                                                             ;
; PS2_Controller:PS2|Altera_UP_PS2_Command_Out:PS2_Command_Out|error_communication_timed_out                    ; Lost fanout                                                                             ;
; PS2_Controller:PS2|s_ps2_transceiver.PS2_STATE_3_END_TRANSFER                                                 ; Stuck at GND due to stuck port data_in                                                  ;
; PS2_Controller:PS2|Altera_UP_PS2_Data_In:PS2_Data_In|s_ps2_receiver.PS2_STATE_1_WAIT_FOR_DATA                 ; Stuck at GND due to stuck port data_in                                                  ;
; PS2_Controller:PS2|Altera_UP_PS2_Command_Out:PS2_Command_Out|s_ps2_transmitter.PS2_STATE_0_IDLE               ; Stuck at GND due to stuck port data_in                                                  ;
; PS2_Controller:PS2|Altera_UP_PS2_Command_Out:PS2_Command_Out|s_ps2_transmitter.PS2_STATE_6_COMMAND_WAS_SENT   ; Lost fanout                                                                             ;
; PS2_Controller:PS2|Altera_UP_PS2_Command_Out:PS2_Command_Out|s_ps2_transmitter.PS2_STATE_7_TRANSMISSION_ERROR ; Lost fanout                                                                             ;
; Total Number of Removed Registers = 32                                                                        ;                                                                                         ;
+---------------------------------------------------------------------------------------------------------------+-----------------------------------------------------------------------------------------+


+----------------------------------------------------------------------------------------------------------------------------------------------------------------------------------------------------------+
; Removed Registers Triggering Further Register Optimizations                                                                                                                                              ;
+--------------------------------------------------------------+---------------------------+---------------------------------------------------------------------------------------------------------------+
; Register name                                                ; Reason for Removal        ; Registers Removed due to This Register                                                                        ;
+--------------------------------------------------------------+---------------------------+---------------------------------------------------------------------------------------------------------------+
; PS2_Controller:PS2|idle_counter[3]                           ; Lost Fanouts              ; PS2_Controller:PS2|idle_counter[4], PS2_Controller:PS2|idle_counter[5],                                       ;
;                                                              ;                           ; PS2_Controller:PS2|idle_counter[6], PS2_Controller:PS2|idle_counter[7]                                        ;
; PS2_Controller:PS2|s_ps2_transceiver~2                       ; Lost Fanouts              ; PS2_Controller:PS2|Altera_UP_PS2_Command_Out:PS2_Command_Out|command_was_sent,                                ;
;                                                              ;                           ; PS2_Controller:PS2|Altera_UP_PS2_Command_Out:PS2_Command_Out|error_communication_timed_out,                   ;
;                                                              ;                           ; PS2_Controller:PS2|Altera_UP_PS2_Command_Out:PS2_Command_Out|s_ps2_transmitter.PS2_STATE_6_COMMAND_WAS_SENT,  ;
;                                                              ;                           ; PS2_Controller:PS2|Altera_UP_PS2_Command_Out:PS2_Command_Out|s_ps2_transmitter.PS2_STATE_7_TRANSMISSION_ERROR ;
; PS2_Controller:PS2|s_ps2_transceiver.PS2_STATE_2_COMMAND_OUT ; Stuck at GND              ; PS2_Controller:PS2|s_ps2_transceiver.PS2_STATE_3_END_TRANSFER,                                                ;
;                                                              ; due to stuck port data_in ; PS2_Controller:PS2|Altera_UP_PS2_Data_In:PS2_Data_In|s_ps2_receiver.PS2_STATE_1_WAIT_FOR_DATA                 ;
+--------------------------------------------------------------+---------------------------+---------------------------------------------------------------------------------------------------------------+


+------------------------------------------------------+
; General Register Statistics                          ;
+----------------------------------------------+-------+
; Statistic                                    ; Value ;
+----------------------------------------------+-------+
; Total registers                              ; 98    ;
; Number of registers using Synchronous Clear  ; 84    ;
; Number of registers using Synchronous Load   ; 0     ;
; Number of registers using Asynchronous Clear ; 0     ;
; Number of registers using Asynchronous Load  ; 0     ;
; Number of registers using Clock Enable       ; 82    ;
; Number of registers using Preset             ; 0     ;
+----------------------------------------------+-------+


+---------------------------------------------------------------------------------------------------------------------------------------------------------------------------------------------------------------+
; Multiplexer Restructuring Statistics (Restructuring Performed)                                                                                                                                                ;
+--------------------+-----------+---------------+----------------------+------------------------+------------+-------------------------------------------------------------------------------------------------+
; Multiplexer Inputs ; Bus Width ; Baseline Area ; Area if Restructured ; Saving if Restructured ; Registered ; Example Multiplexer Output                                                                      ;
+--------------------+-----------+---------------+----------------------+------------------------+------------+-------------------------------------------------------------------------------------------------+
; 3:1                ; 8 bits    ; 16 LEs        ; 0 LEs                ; 16 LEs                 ; Yes        ; |demo|PS2_Controller:PS2|Altera_UP_PS2_Data_In:PS2_Data_In|received_data[0]                     ;
; 3:1                ; 8 bits    ; 16 LEs        ; 0 LEs                ; 16 LEs                 ; Yes        ; |demo|last_data_received[5]                                                                     ;
; 3:1                ; 8 bits    ; 16 LEs        ; 0 LEs                ; 16 LEs                 ; Yes        ; |demo|PS2_Controller:PS2|Altera_UP_PS2_Data_In:PS2_Data_In|data_shift_reg[7]                    ;
; 4:1                ; 13 bits   ; 26 LEs        ; 0 LEs                ; 26 LEs                 ; Yes        ; |demo|PS2_Controller:PS2|Altera_UP_PS2_Command_Out:PS2_Command_Out|command_initiate_counter[11] ;
; 4:1                ; 20 bits   ; 40 LEs        ; 0 LEs                ; 40 LEs                 ; Yes        ; |demo|PS2_Controller:PS2|Altera_UP_PS2_Command_Out:PS2_Command_Out|waiting_counter[15]          ;
; 4:1                ; 4 bits    ; 8 LEs         ; 8 LEs                ; 0 LEs                  ; Yes        ; |demo|PS2_Controller:PS2|Altera_UP_PS2_Command_Out:PS2_Command_Out|cur_bit[0]                   ;
; 4:1                ; 4 bits    ; 8 LEs         ; 8 LEs                ; 0 LEs                  ; Yes        ; |demo|PS2_Controller:PS2|Altera_UP_PS2_Data_In:PS2_Data_In|data_count[2]                        ;
; 4:1                ; 17 bits   ; 34 LEs        ; 0 LEs                ; 34 LEs                 ; Yes        ; |demo|PS2_Controller:PS2|Altera_UP_PS2_Command_Out:PS2_Command_Out|transfer_counter[3]          ;
+--------------------+-----------+---------------+----------------------+------------------------+------------+-------------------------------------------------------------------------------------------------+


+-----------------------------------------------------------------+
; Parameter Settings for User Entity Instance: PS2_Controller:PS2 ;
+------------------+-------+--------------------------------------+
; Parameter Name   ; Value ; Type                                 ;
+------------------+-------+--------------------------------------+
; INITIALIZE_MOUSE ; 0     ; Signed Integer                       ;
+------------------+-------+--------------------------------------+
Note: In order to hide this table in the UI and the text report file, please set the "Show Parameter Settings in Synthesis Report" option in "Analysis and Synthesis Settings -> More Settings" to "Off".


+-----------------------------------------------------------------------------------------------------------+
; Parameter Settings for User Entity Instance: PS2_Controller:PS2|Altera_UP_PS2_Command_Out:PS2_Command_Out ;
+------------------------------------+----------------------+-----------------------------------------------+
; Parameter Name                     ; Value                ; Type                                          ;
+------------------------------------+----------------------+-----------------------------------------------+
; CLOCK_CYCLES_FOR_101US             ; 5050                 ; Signed Integer                                ;
; NUMBER_OF_BITS_FOR_101US           ; 13                   ; Signed Integer                                ;
; COUNTER_INCREMENT_FOR_101US        ; 0000000000001        ; Unsigned Binary                               ;
; CLOCK_CYCLES_FOR_15MS              ; 750000               ; Signed Integer                                ;
; NUMBER_OF_BITS_FOR_15MS            ; 20                   ; Signed Integer                                ;
; COUNTER_INCREMENT_FOR_15MS         ; 00000000000000000001 ; Unsigned Binary                               ;
; CLOCK_CYCLES_FOR_2MS               ; 100000               ; Signed Integer                                ;
; NUMBER_OF_BITS_FOR_2MS             ; 17                   ; Signed Integer                                ;
; COUNTER_INCREMENT_FOR_2MS          ; 00000000000000001    ; Unsigned Binary                               ;
; PS2_STATE_0_IDLE                   ; 000                  ; Unsigned Binary                               ;
; PS2_STATE_1_INITIATE_COMMUNICATION ; 001                  ; Unsigned Binary                               ;
; PS2_STATE_2_WAIT_FOR_CLOCK         ; 010                  ; Unsigned Binary                               ;
; PS2_STATE_3_TRANSMIT_DATA          ; 011                  ; Unsigned Binary                               ;
; PS2_STATE_4_TRANSMIT_STOP_BIT      ; 100                  ; Unsigned Binary                               ;
; PS2_STATE_5_RECEIVE_ACK_BIT        ; 101                  ; Unsigned Binary                               ;
; PS2_STATE_6_COMMAND_WAS_SENT       ; 110                  ; Unsigned Binary                               ;
; PS2_STATE_7_TRANSMISSION_ERROR     ; 111                  ; Unsigned Binary                               ;
+------------------------------------+----------------------+-----------------------------------------------+
Note: In order to hide this table in the UI and the text report file, please set the "Show Parameter Settings in Synthesis Report" option in "Analysis and Synthesis Settings -> More Settings" to "Off".


+--------------------------------------------------------------------------------------------------------------------------------------------------------------------------------------------------+
; Port Connectivity Checks: "PS2_Controller:PS2"                                                                                                                                                   ;
+-------------------------------+--------+----------+----------------------------------------------------------------------------------------------------------------------------------------------+
; Port                          ; Type   ; Severity ; Details                                                                                                                                      ;
+-------------------------------+--------+----------+----------------------------------------------------------------------------------------------------------------------------------------------+
; the_command                   ; Input  ; Warning  ; Declared by entity but not connected by instance. If a default value exists, it will be used.  Otherwise, the port will be connected to GND. ;
; send_command                  ; Input  ; Warning  ; Declared by entity but not connected by instance. If a default value exists, it will be used.  Otherwise, the port will be connected to GND. ;
; command_was_sent              ; Output ; Warning  ; Declared by entity but not connected by instance. Logic that only feeds a dangling port will be removed.                                     ;
; error_communication_timed_out ; Output ; Warning  ; Declared by entity but not connected by instance. Logic that only feeds a dangling port will be removed.                                     ;
+-------------------------------+--------+----------+----------------------------------------------------------------------------------------------------------------------------------------------+


+-----------------------------------------------------+
; Post-Synthesis Netlist Statistics for Top Partition ;
+-----------------------+-----------------------------+
; Type                  ; Count                       ;
+-----------------------+-----------------------------+
; arriav_ff             ; 98                          ;
;     ENA               ; 8                           ;
;     ENA SCLR          ; 74                          ;
;     SCLR              ; 10                          ;
;     plain             ; 6                           ;
; arriav_io_obuf        ; 2                           ;
; arriav_lcell_comb     ; 124                         ;
;     arith             ; 50                          ;
;         1 data inputs ; 50                          ;
;     normal            ; 74                          ;
;         0 data inputs ; 1                           ;
;         1 data inputs ; 3                           ;
;         2 data inputs ; 7                           ;
;         3 data inputs ; 7                           ;
;         4 data inputs ; 25                          ;
;         5 data inputs ; 11                          ;
;         6 data inputs ; 20                          ;
; boundary_port         ; 63                          ;
;                       ;                             ;
; Max LUT depth         ; 3.00                        ;
; Average LUT depth     ; 2.01                        ;
+-----------------------+-----------------------------+


+-------------------------------+
; Elapsed Time Per Partition    ;
+----------------+--------------+
; Partition Name ; Elapsed Time ;
+----------------+--------------+
; Top            ; 00:00:01     ;
+----------------+--------------+


+-------------------------------+
; Analysis & Synthesis Messages ;
+-------------------------------+
Info: *******************************************************************
Info: Running Quartus Prime Analysis & Synthesis
    Info: Version 18.0.0 Build 614 04/24/2018 SJ Standard Edition
    Info: Processing started: Thu Nov 15 14:56:48 2018
Info: Command: quartus_map --read_settings_files=on --write_settings_files=off demo -c demo
Warning (18236): Number of processors has not been specified which may cause overloading on shared machines.  Set the global assignment NUM_PARALLEL_PROCESSORS in your QSF to an appropriate value for best performance.
Info (20030): Parallel compilation is enabled and will use 4 of the 4 processors detected
Info (12021): Found 1 design units, including 1 entities, in source file ps2_controller.v
    Info (12023): Found entity 1: PS2_Controller File: //SRVD/Homes$/akhtaryu/Desktop/PS2_Demo/PS2_Demo/PS2_Controller.v Line: 9
Info (12021): Found 1 design units, including 1 entities, in source file hexadecimal_to_seven_segment.v
    Info (12023): Found entity 1: Hexadecimal_To_Seven_Segment File: //SRVD/Homes$/akhtaryu/Desktop/PS2_Demo/PS2_Demo/Hexadecimal_To_Seven_Segment.v Line: 9
Info (12021): Found 1 design units, including 1 entities, in source file altera_up_ps2_data_in.v
    Info (12023): Found entity 1: Altera_UP_PS2_Data_In File: //SRVD/Homes$/akhtaryu/Desktop/PS2_Demo/PS2_Demo/Altera_UP_PS2_Data_In.v Line: 10
Info (12021): Found 1 design units, including 1 entities, in source file altera_up_ps2_command_out.v
    Info (12023): Found entity 1: Altera_UP_PS2_Command_Out File: //SRVD/Homes$/akhtaryu/Desktop/PS2_Demo/PS2_Demo/Altera_UP_PS2_Command_Out.v Line: 10
Info (12021): Found 1 design units, including 1 entities, in source file demo.v
    Info (12023): Found entity 1: demo File: //SRVD/Homes$/akhtaryu/Desktop/PS2_Demo/PS2_Demo/demo.v Line: 1
Info (12127): Elaborating entity "demo" for the top level hierarchy
Info (12128): Elaborating entity "PS2_Controller" for hierarchy "PS2_Controller:PS2" File: //SRVD/Homes$/akhtaryu/Desktop/PS2_Demo/PS2_Demo/demo.v Line: 105
Info (12128): Elaborating entity "Altera_UP_PS2_Data_In" for hierarchy "PS2_Controller:PS2|Altera_UP_PS2_Data_In:PS2_Data_In" File: //SRVD/Homes$/akhtaryu/Desktop/PS2_Demo/PS2_Demo/PS2_Controller.v Line: 246
Info (12128): Elaborating entity "Altera_UP_PS2_Command_Out" for hierarchy "PS2_Controller:PS2|Altera_UP_PS2_Command_Out:PS2_Command_Out" File: //SRVD/Homes$/akhtaryu/Desktop/PS2_Demo/PS2_Demo/PS2_Controller.v Line: 266
Info (12128): Elaborating entity "Hexadecimal_To_Seven_Segment" for hierarchy "Hexadecimal_To_Seven_Segment:Segment0" File: //SRVD/Homes$/akhtaryu/Desktop/PS2_Demo/PS2_Demo/demo.v Line: 115
Warning (12241): 1 hierarchies have connectivity warnings - see the Connectivity Checks report folder
Warning (13024): Output pins are stuck at VCC or GND
    Warning (13410): Pin "HEX2[0]" is stuck at VCC File: //SRVD/Homes$/akhtaryu/Desktop/PS2_Demo/PS2_Demo/demo.v Line: 41
    Warning (13410): Pin "HEX2[1]" is stuck at VCC File: //SRVD/Homes$/akhtaryu/Desktop/PS2_Demo/PS2_Demo/demo.v Line: 41
    Warning (13410): Pin "HEX2[2]" is stuck at VCC File: //SRVD/Homes$/akhtaryu/Desktop/PS2_Demo/PS2_Demo/demo.v Line: 41
    Warning (13410): Pin "HEX2[3]" is stuck at VCC File: //SRVD/Homes$/akhtaryu/Desktop/PS2_Demo/PS2_Demo/demo.v Line: 41
    Warning (13410): Pin "HEX2[4]" is stuck at VCC File: //SRVD/Homes$/akhtaryu/Desktop/PS2_Demo/PS2_Demo/demo.v Line: 41
    Warning (13410): Pin "HEX2[5]" is stuck at VCC File: //SRVD/Homes$/akhtaryu/Desktop/PS2_Demo/PS2_Demo/demo.v Line: 41
    Warning (13410): Pin "HEX2[6]" is stuck at VCC File: //SRVD/Homes$/akhtaryu/Desktop/PS2_Demo/PS2_Demo/demo.v Line: 41
    Warning (13410): Pin "HEX3[0]" is stuck at VCC File: //SRVD/Homes$/akhtaryu/Desktop/PS2_Demo/PS2_Demo/demo.v Line: 42
    Warning (13410): Pin "HEX3[1]" is stuck at VCC File: //SRVD/Homes$/akhtaryu/Desktop/PS2_Demo/PS2_Demo/demo.v Line: 42
    Warning (13410): Pin "HEX3[2]" is stuck at VCC File: //SRVD/Homes$/akhtaryu/Desktop/PS2_Demo/PS2_Demo/demo.v Line: 42
    Warning (13410): Pin "HEX3[3]" is stuck at VCC File: //SRVD/Homes$/akhtaryu/Desktop/PS2_Demo/PS2_Demo/demo.v Line: 42
    Warning (13410): Pin "HEX3[4]" is stuck at VCC File: //SRVD/Homes$/akhtaryu/Desktop/PS2_Demo/PS2_Demo/demo.v Line: 42
    Warning (13410): Pin "HEX3[5]" is stuck at VCC File: //SRVD/Homes$/akhtaryu/Desktop/PS2_Demo/PS2_Demo/demo.v Line: 42
    Warning (13410): Pin "HEX3[6]" is stuck at VCC File: //SRVD/Homes$/akhtaryu/Desktop/PS2_Demo/PS2_Demo/demo.v Line: 42
    Warning (13410): Pin "HEX4[0]" is stuck at VCC File: //SRVD/Homes$/akhtaryu/Desktop/PS2_Demo/PS2_Demo/demo.v Line: 43
    Warning (13410): Pin "HEX4[1]" is stuck at VCC File: //SRVD/Homes$/akhtaryu/Desktop/PS2_Demo/PS2_Demo/demo.v Line: 43
    Warning (13410): Pin "HEX4[2]" is stuck at VCC File: //SRVD/Homes$/akhtaryu/Desktop/PS2_Demo/PS2_Demo/demo.v Line: 43
    Warning (13410): Pin "HEX4[3]" is stuck at VCC File: //SRVD/Homes$/akhtaryu/Desktop/PS2_Demo/PS2_Demo/demo.v Line: 43
    Warning (13410): Pin "HEX4[4]" is stuck at VCC File: //SRVD/Homes$/akhtaryu/Desktop/PS2_Demo/PS2_Demo/demo.v Line: 43
    Warning (13410): Pin "HEX4[5]" is stuck at VCC File: //SRVD/Homes$/akhtaryu/Desktop/PS2_Demo/PS2_Demo/demo.v Line: 43
    Warning (13410): Pin "HEX4[6]" is stuck at VCC File: //SRVD/Homes$/akhtaryu/Desktop/PS2_Demo/PS2_Demo/demo.v Line: 43
    Warning (13410): Pin "HEX5[0]" is stuck at VCC File: //SRVD/Homes$/akhtaryu/Desktop/PS2_Demo/PS2_Demo/demo.v Line: 44
    Warning (13410): Pin "HEX5[1]" is stuck at VCC File: //SRVD/Homes$/akhtaryu/Desktop/PS2_Demo/PS2_Demo/demo.v Line: 44
    Warning (13410): Pin "HEX5[2]" is stuck at VCC File: //SRVD/Homes$/akhtaryu/Desktop/PS2_Demo/PS2_Demo/demo.v Line: 44
    Warning (13410): Pin "HEX5[3]" is stuck at VCC File: //SRVD/Homes$/akhtaryu/Desktop/PS2_Demo/PS2_Demo/demo.v Line: 44
    Warning (13410): Pin "HEX5[4]" is stuck at VCC File: //SRVD/Homes$/akhtaryu/Desktop/PS2_Demo/PS2_Demo/demo.v Line: 44
    Warning (13410): Pin "HEX5[5]" is stuck at VCC File: //SRVD/Homes$/akhtaryu/Desktop/PS2_Demo/PS2_Demo/demo.v Line: 44
    Warning (13410): Pin "HEX5[6]" is stuck at VCC File: //SRVD/Homes$/akhtaryu/Desktop/PS2_Demo/PS2_Demo/demo.v Line: 44
    Warning (13410): Pin "HEX6[0]" is stuck at VCC File: //SRVD/Homes$/akhtaryu/Desktop/PS2_Demo/PS2_Demo/demo.v Line: 45
    Warning (13410): Pin "HEX6[1]" is stuck at VCC File: //SRVD/Homes$/akhtaryu/Desktop/PS2_Demo/PS2_Demo/demo.v Line: 45
    Warning (13410): Pin "HEX6[2]" is stuck at VCC File: //SRVD/Homes$/akhtaryu/Desktop/PS2_Demo/PS2_Demo/demo.v Line: 45
    Warning (13410): Pin "HEX6[3]" is stuck at VCC File: //SRVD/Homes$/akhtaryu/Desktop/PS2_Demo/PS2_Demo/demo.v Line: 45
    Warning (13410): Pin "HEX6[4]" is stuck at VCC File: //SRVD/Homes$/akhtaryu/Desktop/PS2_Demo/PS2_Demo/demo.v Line: 45
    Warning (13410): Pin "HEX6[5]" is stuck at VCC File: //SRVD/Homes$/akhtaryu/Desktop/PS2_Demo/PS2_Demo/demo.v Line: 45
    Warning (13410): Pin "HEX6[6]" is stuck at VCC File: //SRVD/Homes$/akhtaryu/Desktop/PS2_Demo/PS2_Demo/demo.v Line: 45
    Warning (13410): Pin "HEX7[0]" is stuck at VCC File: //SRVD/Homes$/akhtaryu/Desktop/PS2_Demo/PS2_Demo/demo.v Line: 46
    Warning (13410): Pin "HEX7[1]" is stuck at VCC File: //SRVD/Homes$/akhtaryu/Desktop/PS2_Demo/PS2_Demo/demo.v Line: 46
    Warning (13410): Pin "HEX7[2]" is stuck at VCC File: //SRVD/Homes$/akhtaryu/Desktop/PS2_Demo/PS2_Demo/demo.v Line: 46
    Warning (13410): Pin "HEX7[3]" is stuck at VCC File: //SRVD/Homes$/akhtaryu/Desktop/PS2_Demo/PS2_Demo/demo.v Line: 46
    Warning (13410): Pin "HEX7[4]" is stuck at VCC File: //SRVD/Homes$/akhtaryu/Desktop/PS2_Demo/PS2_Demo/demo.v Line: 46
    Warning (13410): Pin "HEX7[5]" is stuck at VCC File: //SRVD/Homes$/akhtaryu/Desktop/PS2_Demo/PS2_Demo/demo.v Line: 46
    Warning (13410): Pin "HEX7[6]" is stuck at VCC File: //SRVD/Homes$/akhtaryu/Desktop/PS2_Demo/PS2_Demo/demo.v Line: 46
Info (286030): Timing-Driven Synthesis is running
Info (17049): 19 registers lost all their fanouts during netlist optimizations.
Info (16010): Generating hard_block partition "hard_block:auto_generated_inst"
    Info (16011): Adding 0 node(s), including 0 DDIO, 0 PLL, 0 transceiver and 0 LCELL
Warning (21074): Design contains 3 input pin(s) that do not drive logic
    Warning (15610): No output dependent on input pin "KEY[1]" File: //SRVD/Homes$/akhtaryu/Desktop/PS2_Demo/PS2_Demo/demo.v Line: 32
    Warning (15610): No output dependent on input pin "KEY[2]" File: //SRVD/Homes$/akhtaryu/Desktop/PS2_Demo/PS2_Demo/demo.v Line: 32
    Warning (15610): No output dependent on input pin "KEY[3]" File: //SRVD/Homes$/akhtaryu/Desktop/PS2_Demo/PS2_Demo/demo.v Line: 32
Info (21057): Implemented 209 device resources after synthesis - the final resource count might be different
    Info (21058): Implemented 5 input pins
    Info (21059): Implemented 56 output pins
    Info (21060): Implemented 2 bidirectional pins
    Info (21061): Implemented 146 logic cells
Info: Quartus Prime Analysis & Synthesis was successful. 0 errors, 49 warnings
    Info: Peak virtual memory: 724 megabytes
    Info: Processing ended: Thu Nov 15 14:57:04 2018
    Info: Elapsed time: 00:00:16
    Info: Total CPU time (on all processors): 00:00:25


